commit e821fd607046b35347077101471339c6acbe2f30
Author: Mason <mason_perry@my.uri.edu>
Date:   Mon Nov 20 17:22:00 2017 -0500

    finished design document.

commit c24d66fb0408d7f289b9b9fe7f10c12f74d305dc
Author: Mason <mason_perry@my.uri.edu>
Date:   Mon Nov 20 13:24:29 2017 -0500

    added to readme.md

commit ba182ec8dfd87c60575af1e7f773f27733742e5e
Author: Mason <mason_perry@my.uri.edu>
Date:   Mon Nov 20 10:21:18 2017 -0500

    Merge branch 'master' into origin/master
    
    Added more to Readme.md

commit 17dfc494f1eebc30597c79f77dcbf3eb55f18b80
Author: Mason <mason_perry@my.uri.edu>
Date:   Sat Nov 18 07:11:56 2017 -0500

    Added to readme.md

commit 56cc74be3e0c78f6257357486600aa0e52dc6493
Author: Mason <mason_perry@my.uri.edu>
Date:   Sat Nov 18 07:07:21 2017 -0500

    added to repository

commit 1c0d86fe22d7d8489eaee35fda64f4b2d0efd935
Author: Mason <mason_perry@my.uri.edu>
Date:   Thu Nov 16 13:05:54 2017 -0500

    Added files, and added to ReadMe.md

commit 9ad6d3e88a55f169ea9cfce5fae2595f40b07248
Author: Mason <mason_perry@my.uri.edu>
Date:   Thu Nov 16 12:07:56 2017 -0500

    Started and Added to Readme.md

commit 4e5d7c34b880b50734452b969d70121ad8b8bf98
Author: Mason <mason_perry@my.uri.edu>
Date:   Thu Nov 16 11:05:41 2017 -0500

    Initial commit
